<?xml version="1.0" encoding="UTF-8" ?>
<testsuite tests="2" failures="1" name="CucumberTest" time="40.75" errors="0" skipped="0">
  <properties>
    <property name="java.runtime.name" value="Java(TM) SE Runtime Environment"/>
    <property name="java.vm.version" value="19.0.1+10-21"/>
    <property name="sun.boot.library.path" value="C:\Program Files\Java\jdk-19\bin"/>
    <property name="maven.multiModuleProjectDirectory" value="C:\Users\edgar.zapata\IdeaProjects\FrameworkUdemy"/>
    <property name="java.vm.vendor" value="Oracle Corporation"/>
    <property name="java.vendor.url" value="https://java.oracle.com/"/>
    <property name="guice.disable.misplaced.annotation.check" value="true"/>
    <property name="path.separator" value=";"/>
    <property name="java.vm.name" value="Java HotSpot(TM) 64-Bit Server VM"/>
    <property name="sun.os.patch.level" value=""/>
    <property name="user.script" value=""/>
    <property name="user.country" value="US"/>
    <property name="sun.java.launcher" value="SUN_STANDARD"/>
    <property name="java.vm.specification.name" value="Java Virtual Machine Specification"/>
    <property name="user.dir" value="C:\Users\edgar.zapata\IdeaProjects\FrameworkUdemy"/>
    <property name="java.vm.compressedOopsMode" value="Zero based"/>
    <property name="java.runtime.version" value="19.0.1+10-21"/>
    <property name="os.arch" value="amd64"/>
    <property name="java.io.tmpdir" value="C:\Users\EDGAR~1.ZAP\AppData\Local\Temp\"/>
    <property name="line.separator" value="
"/>
    <property name="java.vm.specification.vendor" value="Oracle Corporation"/>
    <property name="user.variant" value=""/>
    <property name="stderr.encoding" value="cp437"/>
    <property name="os.name" value="Windows 10"/>
    <property name="classworlds.conf" value="C:\Program Files\apache-maven-3.8.6\bin\m2.conf"/>
    <property name="sun.jnu.encoding" value="Cp1252"/>
    <property name="stdout.encoding" value="cp437"/>
    <property name="java.library.path" value="C:\Program Files\Java\jdk-19\bin;C:\WINDOWS\Sun\Java\bin;C:\WINDOWS\system32;C:\WINDOWS;C:\Program Files\Common Files\Oracle\Java\javapath;C:\WINDOWS\system32;C:\WINDOWS;C:\WINDOWS\System32\Wbem;C:\WINDOWS\System32\WindowsPowerShell\v1.0\;C:\WINDOWS\System32\OpenSSH\;C:\Program Files (x86)\Microsoft SQL Server\150\DTS\Binn\;C:\Program Files\Azure Data Studio\bin;C:\Program Files\Java\jdk-19\bin;C:\Program Files\apache-maven-3.8.6\bin;C:\Gradle\gradle-7.6\bin;;C:\Program Files\Docker\Docker\resources\bin;C:\Users\edgar.zapata\AppData\Local\Microsoft\WindowsApps;C:\Users\edgar.zapata\AppData\Local\Programs\Git\cmd;C:\Users\edgar.zapata\AppData\Local\Programs\Microsoft VS Code\bin;."/>
    <property name="maven.conf" value="C:\Program Files\apache-maven-3.8.6/conf"/>
    <property name="jdk.debug" value="release"/>
    <property name="java.class.version" value="63.0"/>
    <property name="java.specification.name" value="Java Platform API Specification"/>
    <property name="sun.management.compiler" value="HotSpot 64-Bit Tiered Compilers"/>
    <property name="os.version" value="10.0"/>
    <property name="library.jansi.path" value="C:\Program Files\apache-maven-3.8.6\lib\jansi-native"/>
    <property name="user.home" value="C:\Users\edgar.zapata"/>
    <property name="user.timezone" value="America/Bogota"/>
    <property name="file.encoding" value="UTF-8"/>
    <property name="java.specification.version" value="19"/>
    <property name="user.name" value="edgar.zapata"/>
    <property name="java.class.path" value="C:\Program Files\apache-maven-3.8.6\boot\plexus-classworlds-2.6.0.jar"/>
    <property name="java.vm.specification.version" value="19"/>
    <property name="sun.arch.data.model" value="64"/>
    <property name="sun.java.command" value="org.codehaus.plexus.classworlds.launcher.Launcher test"/>
    <property name="java.home" value="C:\Program Files\Java\jdk-19"/>
    <property name="user.language" value="en"/>
    <property name="java.specification.vendor" value="Oracle Corporation"/>
    <property name="java.vm.info" value="mixed mode, sharing"/>
    <property name="java.version" value="19.0.1"/>
    <property name="native.encoding" value="Cp1252"/>
    <property name="java.vendor" value="Oracle Corporation"/>
    <property name="maven.home" value="C:\Program Files\apache-maven-3.8.6"/>
    <property name="file.separator" value="\"/>
    <property name="java.version.date" value="2022-10-18"/>
    <property name="java.vendor.url.bug" value="https://bugreport.java.com/bugreport/"/>
    <property name="sun.io.unicode.encoding" value="UnicodeLittle"/>
    <property name="sun.cpu.endian" value="little"/>
    <property name="sun.cpu.isalist" value="amd64"/>
  </properties>
  <testcase classname="Client sing Up" name="Client sing up successfully" time="31.929"/>
  <testcase classname="Client sing Up" name="Client sing up failed" time="8.821">
    <failure message="expected:&lt;[fals]e&gt; but was:&lt;[tru]e&gt;" type="org.junit.ComparisonFailure">org.junit.ComparisonFailure: expected:&lt;[fals]e&gt; but was:&lt;[tru]e&gt;
	at java.base/jdk.internal.reflect.DirectConstructorHandleAccessor.newInstance(DirectConstructorHandleAccessor.java:67)
	at java.base/java.lang.reflect.Constructor.newInstanceWithCaller(Constructor.java:500)
	at com.mesaj.app.stepdefinitions.SingUpStepDefinitions.he_should_be_told_that_the_account_was_created_not_have(SingUpStepDefinitions.java:51)
	at ✽.he should be told that the account was created not have(file:///C:/Users/edgar.zapata/IdeaProjects/FrameworkUdemy/src/test/resources/features/singUp.feature:10)
</failure>
    <system-out>
Scenario: Client sing up failed                                &amp;#27;[90m# src/test/resources/features/singUp.feature:7&amp;#27;[0m
  &amp;#27;[32mGiven &amp;#27;[0m&amp;#27;[32mEdgar wants to have an account&amp;#27;[0m                         &amp;#27;[90m# com.mesaj.app.stepdefinitions.SingUpStepDefinitions.edgar_wants_to_have_an_account()&amp;#27;[0m

    Embedding 1351ee71-2da9-4ea2-a94a-82d16122e8ac [image/png 39876 bytes]

  &amp;#27;[32mWhen &amp;#27;[0m&amp;#27;[32mhe sends required information to get the account&amp;#27;[0m        &amp;#27;[90m# com.mesaj.app.stepdefinitions.SingUpStepDefinitions.he_sends_required_information_to_get_the_account()&amp;#27;[0m

    Embedding e002da27-c04b-45b7-b1ba-4bb42b9ebe85 [image/png 64219 bytes]

  &amp;#27;[31mThen &amp;#27;[0m&amp;#27;[31mhe should be told that the account was created not have&amp;#27;[0m &amp;#27;[90m# com.mesaj.app.stepdefinitions.SingUpStepDefinitions.he_should_be_told_that_the_account_was_created_not_have()&amp;#27;[0m
      &amp;#27;[31morg.junit.ComparisonFailure: expected:&lt;[fals]e&gt; but was:&lt;[tru]e&gt;
	at java.base/jdk.internal.reflect.DirectConstructorHandleAccessor.newInstance(DirectConstructorHandleAccessor.java:67)
	at java.base/java.lang.reflect.Constructor.newInstanceWithCaller(Constructor.java:500)
	at com.mesaj.app.stepdefinitions.SingUpStepDefinitions.he_should_be_told_that_the_account_was_created_not_have(SingUpStepDefinitions.java:51)
	at ✽.he should be told that the account was created not have(file:///C:/Users/edgar.zapata/IdeaProjects/FrameworkUdemy/src/test/resources/features/singUp.feature:10)
&amp;#27;[0m

    Embedding d9642fd2-1cd8-4f2a-a5b6-bf8a62c8a938 [image/png 63308 bytes]

</system-out>
  </testcase>
</testsuite>